[28/Mar/2022:00:17:22] (I): WordPress Instance Info:
[28/Mar/2022:00:17:22] (I): Home URL : http://plainswipe.com
[28/Mar/2022:00:17:22] (I): Site URL : http://plainswipe.com
[28/Mar/2022:00:17:22] (I): WordPress Version : 5.9.2
[28/Mar/2022:00:17:22] (I): Onboarding Version : 1.1.21
[28/Mar/2022:00:17:22] (I): Multisite : No
[28/Mar/2022:00:17:22] (I): Server Info : Apache
[28/Mar/2022:00:17:22] (I): PHP Version : 8.0.16
[28/Mar/2022:00:17:22] (I): HTTPS : No
[28/Mar/2022:00:17:22] (I): PHP Max Execution Time : 30
[28/Mar/2022:00:17:22] (I): PHP Max Input Vars : 1000
[28/Mar/2022:00:17:22] (I): Max Upload Size : 134217728
[28/Mar/2022:00:17:22] (I): Plugins:
[28/Mar/2022:00:17:22] (I): [PLUGIN] Antispam Bee : v2.11.0 (pluginkollektiv)
[28/Mar/2022:00:17:22] (I): [PLUGIN] Broken Link Checker : v1.11.16 (WPMU DEV)
[28/Mar/2022:00:17:22] (I): [PLUGIN] IONOS Assistant : v7.3.2 (IONOS)
[28/Mar/2022:00:17:22] (I): [PLUGIN] Jetpack : v10.7 (Automattic)
[28/Mar/2022:00:17:22] (I): [PLUGIN] Kadence Blocks – Gutenberg Blocks for Page Builder Features : v2.3.0 (Kadence WP)
[28/Mar/2022:00:17:22] (I): [PLUGIN] Limit Login Attempts Reloaded : v2.24.0 (Limit Login Attempts Reloaded)
[28/Mar/2022:00:17:22] (I): [PLUGIN] Gutenberg Blocks and Template Library by Otter : v2.0.1 (ThemeIsle)
[28/Mar/2022:00:17:22] (I): [PLUGIN] Real Cookie Banner (Free) : v2.16.1 (devowl.io)
[28/Mar/2022:00:17:22] (I): [PLUGIN] Statify : v1.8.3 (pluginkollektiv)
[28/Mar/2022:00:17:22] (I): [PLUGIN] Templates Patterns Collection : v1.1.21 (ThemeIsle)
[28/Mar/2022:00:17:22] (I): [PLUGIN] The Events Calendar : v5.14.1 (The Events Calendar)
[28/Mar/2022:00:17:22] (I): [PLUGIN] Orbit Fox Companion : v2.10.11 (Themeisle)
[28/Mar/2022:00:17:22] (I): [PLUGIN] Advanced Editor Tools (previously TinyMCE Advanced) : v5.6.0 (Automattic)
[28/Mar/2022:00:17:22] (I): [PLUGIN] WooCommerce : v6.3.1 (Automattic)
[28/Mar/2022:00:17:22] (I): [PLUGIN] WPForms Lite : v1.7.3 (WPForms)
[28/Mar/2022:00:17:22] (P): Saving remote XML
[28/Mar/2022:00:17:22] (S): Saved remote XML at path /homepages/25/d906066448/htdocs/clickandbuilds/PlainSwipeexplainerdoodlevideomakersimpleusingAI/wp-content/uploads/themeisle-demo-import.xml.
[28/Mar/2022:00:17:22] (P): Starting content import...
[28/Mar/2022:00:17:22] (S): Import started.
[28/Mar/2022:00:17:22] (S): Parsing XML file.
[28/Mar/2022:00:17:22] (P): Starting parsing file:/homepages/25/d906066448/htdocs/clickandbuilds/PlainSwipeexplainerdoodlevideomakersimpleusingAI/wp-content/uploads/themeisle-demo-import.xml
[28/Mar/2022:00:17:22] (P): Using WXR_Parser_SimpleXML...
[28/Mar/2022:00:17:22] (S): Parsed XML
[28/Mar/2022:00:17:22] (P): Processing categories...
[28/Mar/2022:00:17:22] (S): Processed categories.
[28/Mar/2022:00:17:22] (P): Processing tags...
[28/Mar/2022:00:17:22] (S): No tags to process.
[28/Mar/2022:00:17:22] (P): Processing terms...
[28/Mar/2022:00:17:23] (S): Processed terms.
[28/Mar/2022:00:17:23] (P): Processing posts...
[28/Mar/2022:00:17:23] (P): Processing attachment: https://s33834.pcdn.co/onboarding-gutenberg/wp-content/uploads/sites/179/2018/09/alexis-client_signature.png...
[28/Mar/2022:00:17:23] (P): Fetching attachment from url: https://s33834.pcdn.co/onboarding-gutenberg/wp-content/uploads/sites/179/2018/09/alexis-client_signature.png...
[28/Mar/2022:00:17:23] (S): Fetched remote attachment.
[28/Mar/2022:00:17:23] (P): Inserting attachment...
[28/Mar/2022:00:17:23] (S): Attachment inserted
[28/Mar/2022:00:17:23] (S): Processed attachment.
[28/Mar/2022:00:17:23] (P): Processing attachment: https://s33834.pcdn.co/onboarding-gutenberg/wp-content/uploads/sites/179/2018/09/blog-2.jpg...
[28/Mar/2022:00:17:23] (P): Fetching attachment from url: https://s33834.pcdn.co/onboarding-gutenberg/wp-content/uploads/sites/179/2018/09/blog-2.jpg...
[28/Mar/2022:00:17:23] (S): Fetched remote attachment.
[28/Mar/2022:00:17:23] (P): Inserting attachment...
[28/Mar/2022:00:17:23] (S): Attachment inserted
[28/Mar/2022:00:17:23] (S): Processed attachment.
[28/Mar/2022:00:17:23] (P): Processing attachment: https://s33834.pcdn.co/onboarding-gutenberg/wp-content/uploads/sites/179/2018/10/fruits-mix-smoothie1.jpg...
[28/Mar/2022:00:17:23] (P): Fetching attachment from url: https://s33834.pcdn.co/onboarding-gutenberg/wp-content/uploads/sites/179/2018/10/fruits-mix-smoothie1.jpg...
[28/Mar/2022:00:17:23] (S): Fetched remote attachment.
[28/Mar/2022:00:17:23] (P): Inserting attachment...
[28/Mar/2022:00:17:23] (S): Attachment inserted
[28/Mar/2022:00:17:23] (S): Processed attachment.
[28/Mar/2022:00:17:23] (P): Processing attachment: https://s33834.pcdn.co/onboarding-gutenberg/wp-content/uploads/sites/179/2018/10/fruit-mix-smoothie1-1.jpg...
[28/Mar/2022:00:17:23] (P): Fetching attachment from url: https://s33834.pcdn.co/onboarding-gutenberg/wp-content/uploads/sites/179/2018/10/fruit-mix-smoothie1-1.jpg...
[28/Mar/2022:00:17:24] (S): Fetched remote attachment.
[28/Mar/2022:00:17:24] (P): Inserting attachment...
[28/Mar/2022:00:17:24] (S): Attachment inserted
[28/Mar/2022:00:17:24] (S): Processed attachment.
[28/Mar/2022:00:17:24] (P): Processing attachment: https://s33834.pcdn.co/onboarding-gutenberg/wp-content/uploads/sites/179/2018/10/kiwi-strawberry-smoothie1.jpg...
[28/Mar/2022:00:17:24] (P): Fetching attachment from url: https://s33834.pcdn.co/onboarding-gutenberg/wp-content/uploads/sites/179/2018/10/kiwi-strawberry-smoothie1.jpg...
[28/Mar/2022:00:17:24] (S): Fetched remote attachment.
[28/Mar/2022:00:17:24] (P): Inserting attachment...
[28/Mar/2022:00:17:24] (S): Attachment inserted
[28/Mar/2022:00:17:24] (S): Processed attachment.
[28/Mar/2022:00:17:24] (P): Processing attachment: https://s33834.pcdn.co/onboarding-gutenberg/wp-content/uploads/sites/179/2018/10/berries-yoghurt-smoothie1.jpg...
[28/Mar/2022:00:17:24] (P): Fetching attachment from url: https://s33834.pcdn.co/onboarding-gutenberg/wp-content/uploads/sites/179/2018/10/berries-yoghurt-smoothie1.jpg...
[28/Mar/2022:00:17:24] (S): Fetched remote attachment.
[28/Mar/2022:00:17:24] (P): Inserting attachment...
[28/Mar/2022:00:17:24] (S): Attachment inserted
[28/Mar/2022:00:17:24] (S): Processed attachment.
[28/Mar/2022:00:17:24] (P): Processing attachment: https://s33834.pcdn.co/onboarding-gutenberg/wp-content/uploads/sites/179/2018/10/strawberry-lime-smoothie1.jpg...
[28/Mar/2022:00:17:24] (P): Fetching attachment from url: https://s33834.pcdn.co/onboarding-gutenberg/wp-content/uploads/sites/179/2018/10/strawberry-lime-smoothie1.jpg...
[28/Mar/2022:00:17:24] (S): Fetched remote attachment.
[28/Mar/2022:00:17:24] (P): Inserting attachment...
[28/Mar/2022:00:17:24] (S): Attachment inserted
[28/Mar/2022:00:17:24] (S): Processed attachment.
[28/Mar/2022:00:17:24] (P): Processing attachment: https://s33834.pcdn.co/onboarding-gutenberg/wp-content/uploads/sites/179/2018/10/spicy-strawberry-smoothie1.jpg...
[28/Mar/2022:00:17:24] (P): Fetching attachment from url: https://s33834.pcdn.co/onboarding-gutenberg/wp-content/uploads/sites/179/2018/10/spicy-strawberry-smoothie1.jpg...
[28/Mar/2022:00:17:24] (S): Fetched remote attachment.
[28/Mar/2022:00:17:24] (P): Inserting attachment...
[28/Mar/2022:00:17:24] (S): Attachment inserted
[28/Mar/2022:00:17:24] (S): Processed attachment.
[28/Mar/2022:00:17:24] (P): Processing attachment: https://s33834.pcdn.co/onboarding-gutenberg/wp-content/uploads/sites/179/2018/10/blueberry-smoothie1.jpg...
[28/Mar/2022:00:17:24] (P): Fetching attachment from url: https://s33834.pcdn.co/onboarding-gutenberg/wp-content/uploads/sites/179/2018/10/blueberry-smoothie1.jpg...
[28/Mar/2022:00:17:24] (S): Fetched remote attachment.
[28/Mar/2022:00:17:24] (P): Inserting attachment...
[28/Mar/2022:00:17:24] (S): Attachment inserted
[28/Mar/2022:00:17:24] (S): Processed attachment.
[28/Mar/2022:00:17:24] (P): Processing attachment: https://s33834.pcdn.co/onboarding-gutenberg/wp-content/uploads/sites/179/2018/10/strawberry-peppermint-smoothie1.jpg...
[28/Mar/2022:00:17:24] (P): Fetching attachment from url: https://s33834.pcdn.co/onboarding-gutenberg/wp-content/uploads/sites/179/2018/10/strawberry-peppermint-smoothie1.jpg...
[28/Mar/2022:00:17:25] (S): Fetched remote attachment.
[28/Mar/2022:00:17:25] (P): Inserting attachment...
[28/Mar/2022:00:17:25] (S): Attachment inserted
[28/Mar/2022:00:17:25] (S): Processed attachment.
[28/Mar/2022:00:17:25] (P): Processing attachment: https://s33834.pcdn.co/onboarding-gutenberg/wp-content/uploads/sites/179/2018/10/strawberry-smoothie1.jpg...
[28/Mar/2022:00:17:25] (P): Fetching attachment from url: https://s33834.pcdn.co/onboarding-gutenberg/wp-content/uploads/sites/179/2018/10/strawberry-smoothie1.jpg...
[28/Mar/2022:00:17:25] (S): Fetched remote attachment.
[28/Mar/2022:00:17:25] (P): Inserting attachment...
[28/Mar/2022:00:17:25] (S): Attachment inserted
[28/Mar/2022:00:17:25] (S): Processed attachment.
[28/Mar/2022:00:17:25] (P): Processing attachment: https://s33834.pcdn.co/onboarding-gutenberg/wp-content/uploads/sites/179/2018/09/blog-1.jpg...
[28/Mar/2022:00:17:25] (P): Fetching attachment from url: https://s33834.pcdn.co/onboarding-gutenberg/wp-content/uploads/sites/179/2018/09/blog-1.jpg...
[28/Mar/2022:00:17:25] (S): Fetched remote attachment.
[28/Mar/2022:00:17:25] (P): Inserting attachment...
[28/Mar/2022:00:17:25] (S): Attachment inserted
[28/Mar/2022:00:17:25] (S): Processed attachment.
[28/Mar/2022:00:17:25] (P): Processing attachment: https://s33834.pcdn.co/onboarding-gutenberg/wp-content/uploads/sites/179/2018/10/cropped-neve_onlight.png...
[28/Mar/2022:00:17:25] (P): Fetching attachment from url: https://s33834.pcdn.co/onboarding-gutenberg/wp-content/uploads/sites/179/2018/10/cropped-neve_onlight.png...
[28/Mar/2022:00:17:25] (S): Fetched remote attachment.
[28/Mar/2022:00:17:25] (P): Inserting attachment...
[28/Mar/2022:00:17:25] (S): Attachment inserted
[28/Mar/2022:00:17:25] (S): Processed attachment.
[28/Mar/2022:00:17:25] (P): Processing attachment: https://s33834.pcdn.co/onboarding-gutenberg/wp-content/uploads/sites/179/2018/12/nv-big-title-sprites1.png...
[28/Mar/2022:00:17:25] (P): Fetching attachment from url: https://s33834.pcdn.co/onboarding-gutenberg/wp-content/uploads/sites/179/2018/12/nv-big-title-sprites1.png...
[28/Mar/2022:00:17:25] (S): Fetched remote attachment.
[28/Mar/2022:00:17:25] (P): Inserting attachment...
[28/Mar/2022:00:17:25] (S): Attachment inserted
[28/Mar/2022:00:17:25] (S): Processed attachment.
[28/Mar/2022:00:17:25] (P): Processing attachment: https://s33834.pcdn.co/onboarding-gutenberg/wp-content/uploads/sites/179/2018/12/neve-play1.png...
[28/Mar/2022:00:17:25] (P): Fetching attachment from url: https://s33834.pcdn.co/onboarding-gutenberg/wp-content/uploads/sites/179/2018/12/neve-play1.png...
[28/Mar/2022:00:17:25] (S): Fetched remote attachment.
[28/Mar/2022:00:17:25] (P): Inserting attachment...
[28/Mar/2022:00:17:25] (S): Attachment inserted
[28/Mar/2022:00:17:25] (S): Processed attachment.
[28/Mar/2022:00:17:25] (P): Processing attachment: https://s33834.pcdn.co/onboarding-gutenberg/wp-content/uploads/sites/179/2018/12/nv-key-points-sprites2.png...
[28/Mar/2022:00:17:25] (P): Fetching attachment from url: https://s33834.pcdn.co/onboarding-gutenberg/wp-content/uploads/sites/179/2018/12/nv-key-points-sprites2.png...
[28/Mar/2022:00:17:25] (S): Fetched remote attachment.
[28/Mar/2022:00:17:25] (P): Inserting attachment...
[28/Mar/2022:00:17:26] (S): Attachment inserted
[28/Mar/2022:00:17:26] (S): Processed attachment.
[28/Mar/2022:00:17:26] (P): Processing attachment: https://s33834.pcdn.co/onboarding-gutenberg/wp-content/uploads/sites/179/2018/12/nv-stats-sprites.png...
[28/Mar/2022:00:17:26] (P): Fetching attachment from url: https://s33834.pcdn.co/onboarding-gutenberg/wp-content/uploads/sites/179/2018/12/nv-stats-sprites.png...
[28/Mar/2022:00:17:26] (S): Fetched remote attachment.
[28/Mar/2022:00:17:26] (P): Inserting attachment...
[28/Mar/2022:00:17:26] (S): Attachment inserted
[28/Mar/2022:00:17:26] (S): Processed attachment.
[28/Mar/2022:00:17:26] (P): Processing attachment: https://s33834.pcdn.co/onboarding-gutenberg/wp-content/uploads/sites/179/2018/12/nv-benefits-sprites1.png...
[28/Mar/2022:00:17:26] (P): Fetching attachment from url: https://s33834.pcdn.co/onboarding-gutenberg/wp-content/uploads/sites/179/2018/12/nv-benefits-sprites1.png...
[28/Mar/2022:00:17:26] (S): Fetched remote attachment.
[28/Mar/2022:00:17:26] (P): Inserting attachment...
[28/Mar/2022:00:17:26] (S): Attachment inserted
[28/Mar/2022:00:17:26] (S): Processed attachment.
[28/Mar/2022:00:17:26] (P): Processing attachment: https://s33834.pcdn.co/onboarding-gutenberg/wp-content/uploads/sites/179/2018/12/nv-social-sprites2.png...
[28/Mar/2022:00:17:26] (P): Fetching attachment from url: https://s33834.pcdn.co/onboarding-gutenberg/wp-content/uploads/sites/179/2018/12/nv-social-sprites2.png...
[28/Mar/2022:00:17:26] (S): Fetched remote attachment.
[28/Mar/2022:00:17:26] (P): Inserting attachment...
[28/Mar/2022:00:17:26] (S): Attachment inserted
[28/Mar/2022:00:17:26] (S): Processed attachment.
[28/Mar/2022:00:17:26] (P): Processing attachment: https://s33834.pcdn.co/onboarding-gutenberg/wp-content/uploads/sites/179/2019/04/neve-logo-imgtext.png...
[28/Mar/2022:00:17:26] (P): Fetching attachment from url: https://s33834.pcdn.co/onboarding-gutenberg/wp-content/uploads/sites/179/2019/04/neve-logo-imgtext.png...
[28/Mar/2022:00:17:26] (S): Fetched remote attachment.
[28/Mar/2022:00:17:26] (P): Inserting attachment...
[28/Mar/2022:00:17:26] (S): Attachment inserted
[28/Mar/2022:00:17:26] (S): Processed attachment.
[28/Mar/2022:00:17:26] (P): Inserting custom_css: neve .
[28/Mar/2022:00:17:26] (S): Done inserting custom_css: neve .
[28/Mar/2022:00:17:26] (P): Processing attachment: https://s33834.pcdn.co/onboarding-gutenberg/wp-content/uploads/sites/179/2018/09/blog-3.jpg...
[28/Mar/2022:00:17:26] (P): Fetching attachment from url: https://s33834.pcdn.co/onboarding-gutenberg/wp-content/uploads/sites/179/2018/09/blog-3.jpg...
[28/Mar/2022:00:17:26] (S): Fetched remote attachment.
[28/Mar/2022:00:17:26] (P): Inserting attachment...
[28/Mar/2022:00:17:26] (S): Attachment inserted
[28/Mar/2022:00:17:26] (S): Processed attachment.
[28/Mar/2022:00:17:26] (P): Processing attachment: https://s33834.pcdn.co/onboarding-gutenberg/wp-content/uploads/sites/179/2018/12/nv-team1-1.jpg...
[28/Mar/2022:00:17:26] (P): Fetching attachment from url: https://s33834.pcdn.co/onboarding-gutenberg/wp-content/uploads/sites/179/2018/12/nv-team1-1.jpg...
[28/Mar/2022:00:17:26] (S): Fetched remote attachment.
[28/Mar/2022:00:17:26] (P): Inserting attachment...
[28/Mar/2022:00:17:26] (S): Attachment inserted
[28/Mar/2022:00:17:26] (S): Processed attachment.
[28/Mar/2022:00:17:26] (P): Processing attachment: https://s33834.pcdn.co/onboarding-gutenberg/wp-content/uploads/sites/179/2018/12/nv-team2-2.jpg...
[28/Mar/2022:00:17:26] (P): Fetching attachment from url: https://s33834.pcdn.co/onboarding-gutenberg/wp-content/uploads/sites/179/2018/12/nv-team2-2.jpg...
[28/Mar/2022:00:17:26] (S): Fetched remote attachment.
[28/Mar/2022:00:17:26] (P): Inserting attachment...
[28/Mar/2022:00:17:26] (S): Attachment inserted
[28/Mar/2022:00:17:26] (S): Processed attachment.
[28/Mar/2022:00:17:26] (P): Processing attachment: https://s33834.pcdn.co/onboarding-gutenberg/wp-content/uploads/sites/179/2018/12/nv-team3-3.jpg...
[28/Mar/2022:00:17:26] (P): Fetching attachment from url: https://s33834.pcdn.co/onboarding-gutenberg/wp-content/uploads/sites/179/2018/12/nv-team3-3.jpg...
[28/Mar/2022:00:17:27] (S): Fetched remote attachment.
[28/Mar/2022:00:17:27] (P): Inserting attachment...
[28/Mar/2022:00:17:27] (S): Attachment inserted
[28/Mar/2022:00:17:27] (S): Processed attachment.
[28/Mar/2022:00:17:27] (P): Processing attachment: https://s33834.pcdn.co/onboarding-gutenberg/wp-content/uploads/sites/179/2018/12/nv-team4-4.jpg...
[28/Mar/2022:00:17:27] (P): Fetching attachment from url: https://s33834.pcdn.co/onboarding-gutenberg/wp-content/uploads/sites/179/2018/12/nv-team4-4.jpg...
[28/Mar/2022:00:17:27] (S): Fetched remote attachment.
[28/Mar/2022:00:17:27] (P): Inserting attachment...
[28/Mar/2022:00:17:27] (S): Attachment inserted
[28/Mar/2022:00:17:27] (S): Processed attachment.
[28/Mar/2022:00:17:27] (P): Processing single menu item ' '...
[28/Mar/2022:00:17:27] (P): Processing single menu item ' Sections '...
[28/Mar/2022:00:17:27] (P): Processing attachment: https://s33834.pcdn.co/onboarding-gutenberg/wp-content/uploads/sites/179/2019/07/path.jpg...
[28/Mar/2022:00:17:27] (P): Fetching attachment from url: https://s33834.pcdn.co/onboarding-gutenberg/wp-content/uploads/sites/179/2019/07/path.jpg...
[28/Mar/2022:00:17:27] (S): Fetched remote attachment.
[28/Mar/2022:00:17:27] (P): Inserting attachment...
[28/Mar/2022:00:17:27] (S): Attachment inserted
[28/Mar/2022:00:17:27] (S): Processed attachment.
[28/Mar/2022:00:17:27] (P): Processing attachment: https://s33834.pcdn.co/onboarding-gutenberg/wp-content/uploads/sites/179/2019/07/street-at-night.jpg...
[28/Mar/2022:00:17:27] (P): Fetching attachment from url: https://s33834.pcdn.co/onboarding-gutenberg/wp-content/uploads/sites/179/2019/07/street-at-night.jpg...
[28/Mar/2022:00:17:27] (S): Fetched remote attachment.
[28/Mar/2022:00:17:27] (P): Inserting attachment...
[28/Mar/2022:00:17:27] (S): Attachment inserted
[28/Mar/2022:00:17:27] (S): Processed attachment.
[28/Mar/2022:00:17:27] (P): Processing attachment: https://s33834.pcdn.co/onboarding-gutenberg/wp-content/uploads/sites/179/woocommerce-placeholder.png...
[28/Mar/2022:00:17:27] (P): Fetching attachment from url: https://s33834.pcdn.co/onboarding-gutenberg/wp-content/uploads/sites/179/woocommerce-placeholder.png...
[28/Mar/2022:00:17:27] (S): Fetched remote attachment.
[28/Mar/2022:00:17:27] (P): Inserting attachment...
[28/Mar/2022:00:17:27] (S): Attachment inserted
[28/Mar/2022:00:17:27] (S): Processed attachment.
[28/Mar/2022:00:17:27] (P): Processing single menu item ' '...
[28/Mar/2022:00:17:27] (P): Processing single menu item ' About us '...
[28/Mar/2022:00:17:27] (S): Processed single menu item.
[28/Mar/2022:00:17:27] (P): Processing single menu item ' Our Focus '...
[28/Mar/2022:00:17:27] (S): Processed single menu item.
[28/Mar/2022:00:17:27] (P): Processing single menu item ' Our Team '...
[28/Mar/2022:00:17:27] (S): Processed single menu item.
[28/Mar/2022:00:17:27] (P): Processing single menu item ' Features '...
[28/Mar/2022:00:17:27] (S): Processed single menu item.
[28/Mar/2022:00:17:27] (P): Processing single menu item ' Pricing '...
[28/Mar/2022:00:17:28] (S): Processed single menu item.
[28/Mar/2022:00:17:28] (P): Processing single menu item ' Testimonials '...
[28/Mar/2022:00:17:28] (S): Processed single menu item.
[28/Mar/2022:00:17:28] (P): Processing single menu item ' Contact us '...
[28/Mar/2022:00:17:28] (S): Processed single menu item.
[28/Mar/2022:00:17:28] (P): Processing single menu item ' '...
[28/Mar/2022:00:17:28] (P): Inserting page: Blog .
[28/Mar/2022:00:17:28] (S): Done inserting page: Blog .
[28/Mar/2022:00:17:28] (P): Inserting post: Never stop dreaming .
[28/Mar/2022:00:17:28] (S): Done inserting post: Never stop dreaming .
[28/Mar/2022:00:17:28] (P): Inserting post: We rise by lifting others .
[28/Mar/2022:00:17:28] (S): Done inserting post: We rise by lifting others .
[28/Mar/2022:00:17:28] (P): Inserting post: Tips & tricks for your next trip abroad .
[28/Mar/2022:00:17:28] (S): Done inserting post: Tips & tricks for your next trip abroad .
[28/Mar/2022:00:17:28] (P): Inserting product: Strawberry Smoothie .
[28/Mar/2022:00:17:28] (S): Done inserting product: Strawberry Smoothie .
[28/Mar/2022:00:17:28] (P): Inserting product: Strawberry and Peppermint Smoothie .
[28/Mar/2022:00:17:28] (S): Done inserting product: Strawberry and Peppermint Smoothie .
[28/Mar/2022:00:17:29] (P): Inserting product: Blueberry Smoothie .
[28/Mar/2022:00:17:29] (S): Done inserting product: Blueberry Smoothie .
[28/Mar/2022:00:17:29] (P): Inserting product: Spicy Strawberry Smoothie .
[28/Mar/2022:00:17:29] (S): Done inserting product: Spicy Strawberry Smoothie .
[28/Mar/2022:00:17:29] (P): Inserting product: Strawberry Lime Smoothie .
[28/Mar/2022:00:17:29] (S): Done inserting product: Strawberry Lime Smoothie .
[28/Mar/2022:00:17:30] (P): Inserting product: Berries and Yogurt Smoothie .
[28/Mar/2022:00:17:30] (S): Done inserting product: Berries and Yogurt Smoothie .
[28/Mar/2022:00:17:30] (P): Inserting product: Kiwi and Strawberry Smoothie .
[28/Mar/2022:00:17:30] (S): Done inserting product: Kiwi and Strawberry Smoothie .
[28/Mar/2022:00:17:30] (P): Inserting product: Fruit Mix Smoothie .
[28/Mar/2022:00:17:30] (S): Done inserting product: Fruit Mix Smoothie .
[28/Mar/2022:00:17:30] (P): Inserting product: Fruits Mix Smoothie .
[28/Mar/2022:00:17:30] (S): Done inserting product: Fruits Mix Smoothie .
[28/Mar/2022:00:17:31] (P): Inserting page: Home .
[28/Mar/2022:00:17:31] (S): Done inserting page: Home .
[28/Mar/2022:00:17:31] (P): Inserting page: Shop .
[28/Mar/2022:00:17:31] (S): Done inserting page: Shop .
[28/Mar/2022:00:17:31] (P): Inserting page: Cart .
[28/Mar/2022:00:17:31] (S): Done inserting page: Cart .
[28/Mar/2022:00:17:31] (P): Inserting page: Checkout .
[28/Mar/2022:00:17:31] (S): Done inserting page: Checkout .
[28/Mar/2022:00:17:31] (P): Inserting page: My account .
[28/Mar/2022:00:17:31] (S): Done inserting page: My account .
[28/Mar/2022:00:17:31] (S): Processed posts.
[28/Mar/2022:00:17:31] (P): Processing single menu item ' '...
[28/Mar/2022:00:17:31] (S): Processed single menu item.
[28/Mar/2022:00:17:31] (P): Processing single menu item ' Sections '...
[28/Mar/2022:00:17:31] (S): Processed single menu item.
[28/Mar/2022:00:17:31] (P): Processing single menu item ' '...
[28/Mar/2022:00:17:31] (S): Processed single menu item.
[28/Mar/2022:00:17:31] (P): Processing single menu item ' '...
[28/Mar/2022:00:17:31] (S): Processed single menu item.
[28/Mar/2022:00:17:32] (P): Cleaning up import with id ...
[28/Mar/2022:00:17:32] (P): Done cleanup. Flushing cache...
[28/Mar/2022:00:17:32] (P): Flushed cache. Removing temporary data..
[28/Mar/2022:00:17:32] (S): Done importing
[28/Mar/2022:00:17:32] (P): Busting elementor cache
[28/Mar/2022:00:17:32] (S): Front page set up with id: 645.
[28/Mar/2022:00:17:32] (P): Setting up shop page.
[28/Mar/2022:00:17:32] (S): Shop pages set up.
